<?xml version="1.0" encoding="UTF-8"?>
<!-- Generated by org.testng.reporters.JUnitReportReporter -->
<testsuite hostname="DESKTOP-VH8AT2M" failures="0" tests="1" name="testPackage.BuyProductTest" time="18.902" errors="0" timestamp="2025-06-04T19:39:28 IST" skipped="0">
  <testcase classname="testPackage.BuyProductTest" name="buyProductTC_002" time="18.902">
    <system-out>
      <![CDATA[[TestCase-- buyProductTC_002 Started ]
Order is Placed Successfully !!!
[TestCase-- buyProductTC_002 Successfully Executed ]]]>
    </system-out>
  </testcase> <!-- buyProductTC_002 -->
  <system-out>
    <![CDATA[<test>-- Default test has started execution
[TestCase-- buyProductTC_002 Started ]
Order is Placed Successfully !!!
[TestCase-- buyProductTC_002 Successfully Executed ]]]>
  </system-out>
</testsuite> <!-- testPackage.BuyProductTest -->
