<?xml version="1.0" encoding="UTF-8"?>
<!-- Generated by org.testng.reporters.JUnitReportReporter -->
<testsuite hostname="DESKTOP-VH8AT2M" failures="0" tests="1" name="testPackage.AddToCartTest" time="9.483" errors="0" timestamp="2025-06-04T19:36:49 IST" skipped="0">
  <testcase classname="testPackage.AddToCartTest" name="addToCartTC_001" time="9.483">
    <system-out>
      <![CDATA[[TestCase-- addToCartTC_001 Started ]
Product Is Added To Cart.
[TestCase-- addToCartTC_001 Successfully Executed ]]]>
    </system-out>
  </testcase> <!-- addToCartTC_001 -->
  <system-out>
    <![CDATA[<test>-- Default test has started execution
[TestCase-- addToCartTC_001 Started ]
Product Is Added To Cart.
[TestCase-- addToCartTC_001 Successfully Executed ]]]>
  </system-out>
</testsuite> <!-- testPackage.AddToCartTest -->
