<?xml version="1.0" encoding="UTF-8"?>
<!-- Generated by org.testng.reporters.JUnitReportReporter -->
<testsuite hostname="DESKTOP-VH8AT2M" failures="0" tests="1" name="testPackage.RemoveProductFromCartTest" time="11.641" errors="0" timestamp="2025-06-04T19:39:58 IST" skipped="0">
  <testcase classname="testPackage.RemoveProductFromCartTest" name="removeProductFromCartTC_003" time="11.641">
    <system-out>
      <![CDATA[[TestCase-- removeProductFromCartTC_003 Started ]
[TestCase-- removeProductFromCartTC_003 Successfully Executed ]]]>
    </system-out>
  </testcase> <!-- removeProductFromCartTC_003 -->
  <system-out>
    <![CDATA[<test>-- Default test has started execution
[TestCase-- removeProductFromCartTC_003 Started ]
[TestCase-- removeProductFromCartTC_003 Successfully Executed ]]]>
  </system-out>
</testsuite> <!-- testPackage.RemoveProductFromCartTest -->
