<?xml version="1.0" encoding="UTF-8"?>
<!-- Generated by org.testng.reporters.JUnitReportReporter -->
<testsuite hostname="DESKTOP-VH8AT2M" failures="0" tests="3" name="testNGHelperAttributes.InvocationCountAttribute" time="0.014" errors="0" timestamp="2025-05-23T19:05:54 IST" skipped="0">
  <testcase classname="testNGHelperAttributes.InvocationCountAttribute" name="register" time="0.002">
    <system-out>
      <![CDATA[This is Register Method]]>
    </system-out>
  </testcase> <!-- register -->
  <testcase classname="testNGHelperAttributes.InvocationCountAttribute" name="addToCart" time="0.010">
    <system-out>
      <![CDATA[This is Add to Cart Method]]>
    </system-out>
  </testcase> <!-- addToCart -->
  <testcase classname="testNGHelperAttributes.InvocationCountAttribute" name="addToCart" time="0.002">
    <system-out>
      <![CDATA[This is Add to Cart Method]]>
    </system-out>
  </testcase> <!-- addToCart -->
  <system-out>
    <![CDATA[This is Add to Cart Method
This is Add to Cart Method
This is Register Method]]>
  </system-out>
</testsuite> <!-- testNGHelperAttributes.InvocationCountAttribute -->
