<?xml version="1.0" encoding="UTF-8"?>
<!-- Generated by org.testng.reporters.JUnitReportReporter -->
<testsuite hostname="DESKTOP-VH8AT2M" failures="0" tests="1" name="testNGHelperAttributes.TimeOutHelperAttribute" time="6.802" errors="0" timestamp="2025-05-26T19:04:45 IST" skipped="0">
  <testcase classname="testNGHelperAttributes.TimeOutHelperAttribute" name="zomato" time="6.802"/>
</testsuite> <!-- testNGHelperAttributes.TimeOutHelperAttribute -->
