<?xml version="1.0" encoding="UTF-8"?>
<!-- Generated by org.testng.reporters.JUnitReportReporter -->
<testsuite hostname="DESKTOP-VH8AT2M" failures="0" tests="1" name="testNGAnnotation2.RemoveProductFromCartTC" time="10.405" errors="0" timestamp="2025-05-29T19:01:08 IST" skipped="0">
  <testcase classname="testNGAnnotation2.RemoveProductFromCartTC" name="removeProductFromCartTC_003" time="10.405"/>
</testsuite> <!-- testNGAnnotation2.RemoveProductFromCartTC -->
