<?xml version="1.0" encoding="UTF-8"?>
<!-- Generated by org.testng.reporters.JUnitReportReporter -->
<testsuite hostname="DESKTOP-VH8AT2M" failures="0" tests="1" name="testNGBikes.YamahaBikesTC" time="10.768" errors="0" timestamp="2025-05-27T20:02:21 IST" skipped="0">
  <testcase classname="testNGBikes.YamahaBikesTC" name="yamaha" time="10.768"/>
</testsuite> <!-- testNGBikes.YamahaBikesTC -->
