<?xml version="1.0" encoding="UTF-8"?>
<!-- Generated by org.testng.reporters.JUnitReportReporter -->
<testsuite hostname="DESKTOP-VH8AT2M" failures="0" tests="1" name="testNGCars.BugattiTC" time="12.164" errors="0" timestamp="2025-05-27T18:56:26 IST" skipped="0">
  <testcase classname="testNGCars.BugattiTC" name="bugatti" time="12.164"/>
</testsuite> <!-- testNGCars.BugattiTC -->
