<?xml version="1.0" encoding="UTF-8"?>
<!-- Generated by org.testng.reporters.JUnitReportReporter -->
<testsuite hostname="DESKTOP-VH8AT2M" failures="0" tests="3" name="testNGAnnotations.ConfigurationAnnotations" time="0.011" errors="0" timestamp="2025-05-28T20:12:09 IST" skipped="0">
  <testcase classname="testNGAnnotations.ConfigurationAnnotations" name="testMethod2" time="0.004">
    <system-out>
      <![CDATA[This is Test Method 2]]>
    </system-out>
  </testcase> <!-- testMethod2 -->
  <testcase classname="testNGAnnotations.ConfigurationAnnotations" name="testMethod1" time="0.006">
    <system-out>
      <![CDATA[This is Test Method]]>
    </system-out>
  </testcase> <!-- testMethod1 -->
  <testcase classname="testNGAnnotations.ConfigurationAnnotations" name="testMethod3" time="0.001">
    <system-out>
      <![CDATA[This is Test Method 3]]>
    </system-out>
  </testcase> <!-- testMethod3 -->
  <system-out>
    <![CDATA[This is Before Suite
This is Before Test
This is Before Class
This is Before Method
This is Test Method
This is After Method
This is Before Method
This is Test Method 2
This is After Method
This is Before Method
This is Test Method 3
This is After Method
This is After Class
This is After Test
This is After Suite]]>
  </system-out>
</testsuite> <!-- testNGAnnotations.ConfigurationAnnotations -->
