<?xml version="1.0" encoding="UTF-8"?>
<!-- Generated by org.testng.reporters.JUnitReportReporter -->
<testsuite hostname="DESKTOP-VH8AT2M" failures="0" tests="2" name="testNGHelperAttributes.EnabledHelperAttribute" time="8.426" errors="0" timestamp="2025-05-23T20:10:20 IST" skipped="1">
  <testcase classname="testNGHelperAttributes.EnabledHelperAttribute" name="launchInstagram" time="8.426">
    <system-out>
      <![CDATA[Instagram is launched !! ]]>
    </system-out>
  </testcase> <!-- launchInstagram -->
  <testcase classname="testNGHelperAttributes.EnabledHelperAttribute" name="launchFacebook">
    <skipped/>
  </testcase> <!-- launchFacebook -->
  <system-out>
    <![CDATA[Instagram is launched !! ]]>
  </system-out>
</testsuite> <!-- testNGHelperAttributes.EnabledHelperAttribute -->
