<?xml version="1.0" encoding="UTF-8"?>
<!-- Generated by org.testng.reporters.JUnitReportReporter -->
<testsuite hostname="DESKTOP-VH8AT2M" failures="0" tests="1" name="testNGBikes.RoyalEnfieldTC" time="30.290" errors="0" timestamp="2025-05-27T18:56:26 IST" skipped="0">
  <testcase classname="testNGBikes.RoyalEnfieldTC" name="royal" time="30.290"/>
</testsuite> <!-- testNGBikes.RoyalEnfieldTC -->
