<?xml version="1.0" encoding="UTF-8"?>
<!-- Generated by org.testng.reporters.JUnitReportReporter -->
<testsuite hostname="DESKTOP-VH8AT2M" failures="0" tests="1" name="testNGCars.BMWTC" time="4.459" errors="0" timestamp="2025-05-26T20:05:36 IST" skipped="0">
  <testcase classname="testNGCars.BMWTC" name="bmw" time="4.459"/>
</testsuite> <!-- testNGCars.BMWTC -->
