<?xml version="1.0" encoding="UTF-8"?>
<!-- Generated by org.testng.reporters.JUnitReportReporter -->
<testsuite hostname="DESKTOP-VH8AT2M" failures="0" tests="1" name="testNGCars.MercedesTC" time="8.101" errors="0" timestamp="2025-05-27T20:02:21 IST" skipped="0">
  <testcase classname="testNGCars.MercedesTC" name="mercedes" time="8.101"/>
</testsuite> <!-- testNGCars.MercedesTC -->
