<?xml version="1.0" encoding="UTF-8"?>
<!-- Generated by org.testng.reporters.JUnitReportReporter -->
<testsuite hostname="DESKTOP-VH8AT2M" failures="0" tests="1" name="testNGAnnotation2.BuyProductTC" time="17.217" errors="0" timestamp="2025-05-29T18:56:25 IST" skipped="0">
  <testcase classname="testNGAnnotation2.BuyProductTC" name="buyProductTC_002" time="17.217">
    <system-out>
      <![CDATA[Order is Placed Successfully !!!]]>
    </system-out>
  </testcase> <!-- buyProductTC_002 -->
  <system-out>
    <![CDATA[Order is Placed Successfully !!!]]>
  </system-out>
</testsuite> <!-- testNGAnnotation2.BuyProductTC -->
