<?xml version="1.0" encoding="UTF-8"?>
<!-- Generated by org.testng.reporters.JUnitReportReporter -->
<testsuite hostname="DESKTOP-VH8AT2M" failures="0" tests="1" name="testNGBikes.BajajBikesTC" time="17.872" errors="0" timestamp="2025-05-27T20:02:21 IST" skipped="0">
  <testcase classname="testNGBikes.BajajBikesTC" name="bajaj" time="17.872"/>
</testsuite> <!-- testNGBikes.BajajBikesTC -->
