<?xml version="1.0" encoding="UTF-8"?>
<!-- Generated by org.testng.reporters.JUnitReportReporter -->
<testsuite hostname="DESKTOP-VH8AT2M" failures="0" tests="6" name="testNGDataProvider.ExcelDataProvider" time="45.358" errors="0" timestamp="2025-05-31T20:17:12 IST" skipped="0">
  <testcase classname="testNGDataProvider.ExcelDataProvider" name="invalidLogin" time="6.931"/>
  <testcase classname="testNGDataProvider.ExcelDataProvider" name="invalidLogin" time="6.836"/>
  <testcase classname="testNGDataProvider.ExcelDataProvider" name="invalidLogin" time="10.860"/>
  <testcase classname="testNGDataProvider.ExcelDataProvider" name="invalidLogin" time="6.391"/>
  <testcase classname="testNGDataProvider.ExcelDataProvider" name="invalidLogin" time="6.759"/>
  <testcase classname="testNGDataProvider.ExcelDataProvider" name="invalidLogin" time="7.581"/>
</testsuite> <!-- testNGDataProvider.ExcelDataProvider -->
