<?xml version="1.0" encoding="UTF-8"?>
<!-- Generated by org.testng.reporters.JUnitReportReporter -->
<testsuite hostname="DESKTOP-VH8AT2M" failures="0" tests="6" name="testNGHelperAttributes.ThreadPoolSizeHelperAttribute" time="134.808" errors="0" timestamp="2025-05-23T20:00:24 IST" skipped="0">
  <testcase classname="testNGHelperAttributes.ThreadPoolSizeHelperAttribute" name="launchSelenium" time="4.871">
    <system-out>
      <![CDATA[Selenium.dev is launched !! ]]>
    </system-out>
  </testcase> <!-- launchSelenium -->
  <testcase classname="testNGHelperAttributes.ThreadPoolSizeHelperAttribute" name="launchJavaTPoint" time="22.002">
    <system-out>
      <![CDATA[Java TPoint is launched !! ]]>
    </system-out>
  </testcase> <!-- launchJavaTPoint -->
  <testcase classname="testNGHelperAttributes.ThreadPoolSizeHelperAttribute" name="launchJavaTPoint" time="29.151">
    <system-out>
      <![CDATA[Java TPoint is launched !! ]]>
    </system-out>
  </testcase> <!-- launchJavaTPoint -->
  <testcase classname="testNGHelperAttributes.ThreadPoolSizeHelperAttribute" name="launchJavaTPoint" time="29.137">
    <system-out>
      <![CDATA[Java TPoint is launched !! ]]>
    </system-out>
  </testcase> <!-- launchJavaTPoint -->
  <testcase classname="testNGHelperAttributes.ThreadPoolSizeHelperAttribute" name="launchJavaTPoint" time="10.007">
    <system-out>
      <![CDATA[Java TPoint is launched !! ]]>
    </system-out>
  </testcase> <!-- launchJavaTPoint -->
  <testcase classname="testNGHelperAttributes.ThreadPoolSizeHelperAttribute" name="launchJavaTPoint" time="39.640">
    <system-out>
      <![CDATA[Java TPoint is launched !! ]]>
    </system-out>
  </testcase> <!-- launchJavaTPoint -->
  <system-out>
    <![CDATA[Java TPoint is launched !! 
Java TPoint is launched !! 
Java TPoint is launched !! 
Java TPoint is launched !! 
Java TPoint is launched !! 
Selenium.dev is launched !! ]]>
  </system-out>
</testsuite> <!-- testNGHelperAttributes.ThreadPoolSizeHelperAttribute -->
