<?xml version="1.0" encoding="UTF-8"?>
<!-- Generated by org.testng.reporters.JUnitReportReporter -->
<testsuite hostname="DESKTOP-VH8AT2M" failures="0" tests="6" name="testNGDataProvider.DataProvider1" time="50.429" errors="0" timestamp="2025-05-30T20:01:42 IST" skipped="0">
  <testcase classname="testNGDataProvider.DataProvider1" name="invalidLogin" time="8.461"/>
  <testcase classname="testNGDataProvider.DataProvider1" name="invalidLogin" time="6.866"/>
  <testcase classname="testNGDataProvider.DataProvider1" name="invalidLogin" time="11.525"/>
  <testcase classname="testNGDataProvider.DataProvider1" name="invalidLogin" time="8.471"/>
  <testcase classname="testNGDataProvider.DataProvider1" name="invalidLogin" time="7.338"/>
  <testcase classname="testNGDataProvider.DataProvider1" name="invalidLogin" time="7.768"/>
</testsuite> <!-- testNGDataProvider.DataProvider1 -->
