<?xml version="1.0" encoding="UTF-8"?>
<!-- Generated by org.testng.reporters.JUnitReportReporter -->
<testsuite hostname="DESKTOP-VH8AT2M" failures="0" tests="1" name="testNGCars.RollsRoyceTC" time="17.242" errors="0" timestamp="2025-05-27T18:56:26 IST" skipped="0">
  <testcase classname="testNGCars.RollsRoyceTC" name="rollsRoyce" time="17.242"/>
</testsuite> <!-- testNGCars.RollsRoyceTC -->
