<?xml version="1.0" encoding="UTF-8"?>
<!-- Generated by org.testng.reporters.JUnitReportReporter -->
<testsuite hostname="DESKTOP-VH8AT2M" failures="0" tests="2" name="testNGCars.AstonMartinCrossBrowser" time="30.448" errors="0" timestamp="2025-05-28T18:54:19 IST" skipped="0">
  <testcase classname="testNGCars.AstonMartinCrossBrowser" name="astonMartinTC" time="12.343"/>
  <testcase classname="testNGCars.AstonMartinCrossBrowser" name="astonMartinTC" time="18.105"/>
</testsuite> <!-- testNGCars.AstonMartinCrossBrowser -->
